# JRE version: OpenJDK Runtime Environment (21.0.7) (build 21.0.7+-13880790-b1038.58)
# Java VM: OpenJDK 64-Bit Server VM (21.0.7+-13880790-b1038.58, mixed mode, tiered, compressed oops, compressed class ptrs, g1 gc, windows-amd64)
GC Precious Log:
 CardTable entry size: 512
 Card Set container configuration: InlinePtr #cards 4 size 8 Array Of Cards #cards 16 size 48 Howl #buckets 8 coarsen threshold 3686 Howl Bitmap #cards 512 size 80 coarsen threshold 460 Card regions per heap region 1 cards per card region 4096
 CPUs: 8 total, 8 available
 Memory: 16244M
 Large Page Support: Disabled
 NUMA Support: Disabled
 Compressed Oops: Enabled (Zero based)
 Heap Region Size: 2M
 Heap Min Capacity: 8M
 Heap Initial Capacity: 254M
 Heap Max Capacity: 4062M
 Pre-touch: Disabled
 Parallel Workers: 8
 Concurrent Workers: 2
 Concurrent Refinement Workers: 8
 Periodic GC: Disabled
Heap:
 garbage-first heap   total 100352K, used 65404K [0x0000000702200000, 0x0000000800000000)
  region size 2048K, 6 young (12288K), 2 survivors (4096K)
 Metaspace       used 60969K, committed 61696K, reserved 1114112K
  class space    used 6757K, committed 7104K, reserved 1048576K
GC Heap History (20 events):
Event: 24.925 GC heap before
{Heap before GC invocations=12 (full 0):
 garbage-first heap   total 77824K, used 63967K [0x0000000702200000, 0x0000000800000000)
  region size 2048K, 18 young (36864K), 3 survivors (6144K)
 Metaspace       used 55127K, committed 55872K, reserved 1114112K
  class space    used 6402K, committed 6784K, reserved 1048576K
}
Event: 24.956 GC heap after
{Heap after GC invocations=13 (full 0):
 garbage-first heap   total 77824K, used 38746K [0x0000000702200000, 0x0000000800000000)
  region size 2048K, 3 young (6144K), 3 survivors (6144K)
 Metaspace       used 55127K, committed 55872K, reserved 1114112K
  class space    used 6402K, committed 6784K, reserved 1048576K
}
Event: 32.842 GC heap before
{Heap before GC invocations=13 (full 0):
 garbage-first heap   total 77824K, used 63322K [0x0000000702200000, 0x0000000800000000)
  region size 2048K, 15 young (30720K), 3 survivors (6144K)
 Metaspace       used 57841K, committed 58560K, reserved 1114112K
  class space    used 6597K, committed 6976K, reserved 1048576K
}
Event: 32.867 GC heap after
{Heap after GC invocations=14 (full 0):
 garbage-first heap   total 77824K, used 42876K [0x0000000702200000, 0x0000000800000000)
  region size 2048K, 2 young (4096K), 2 survivors (4096K)
 Metaspace       used 57841K, committed 58560K, reserved 1114112K
  class space    used 6597K, committed 6976K, reserved 1048576K
}
Event: 34.658 GC heap before
{Heap before GC invocations=14 (full 0):
 garbage-first heap   total 77824K, used 67452K [0x0000000702200000, 0x0000000800000000)
  region size 2048K, 14 young (28672K), 2 survivors (4096K)
 Metaspace       used 58726K, committed 59392K, reserved 1114112K
  class space    used 6642K, committed 6976K, reserved 1048576K
}
Event: 34.678 GC heap after
{Heap after GC invocations=15 (full 0):
 garbage-first heap   total 77824K, used 45477K [0x0000000702200000, 0x0000000800000000)
  region size 2048K, 2 young (4096K), 2 survivors (4096K)
 Metaspace       used 58726K, committed 59392K, reserved 1114112K
  class space    used 6642K, committed 6976K, reserved 1048576K
}
Event: 36.060 GC heap before
{Heap before GC invocations=16 (full 0):
 garbage-first heap   total 79872K, used 68005K [0x0000000702200000, 0x0000000800000000)
  region size 2048K, 12 young (24576K), 2 survivors (4096K)
 Metaspace       used 59357K, committed 60096K, reserved 1114112K
  class space    used 6685K, committed 7040K, reserved 1048576K
}
Event: 36.076 GC heap after
{Heap after GC invocations=17 (full 0):
 garbage-first heap   total 79872K, used 50599K [0x0000000702200000, 0x0000000800000000)
  region size 2048K, 2 young (4096K), 2 survivors (4096K)
 Metaspace       used 59357K, committed 60096K, reserved 1114112K
  class space    used 6685K, committed 7040K, reserved 1048576K
}
Event: 37.266 GC heap before
{Heap before GC invocations=17 (full 0):
 garbage-first heap   total 79872K, used 66983K [0x0000000702200000, 0x0000000800000000)
  region size 2048K, 10 young (20480K), 2 survivors (4096K)
 Metaspace       used 59674K, committed 60352K, reserved 1114112K
  class space    used 6691K, committed 7040K, reserved 1048576K
}
Event: 37.283 GC heap after
{Heap after GC invocations=18 (full 0):
 garbage-first heap   total 79872K, used 51721K [0x0000000702200000, 0x0000000800000000)
  region size 2048K, 1 young (2048K), 1 survivors (2048K)
 Metaspace       used 59674K, committed 60352K, reserved 1114112K
  class space    used 6691K, committed 7040K, reserved 1048576K
}
Event: 38.868 GC heap before
{Heap before GC invocations=18 (full 0):
 garbage-first heap   total 79872K, used 70153K [0x0000000702200000, 0x0000000800000000)
  region size 2048K, 10 young (20480K), 1 survivors (2048K)
 Metaspace       used 60059K, committed 60736K, reserved 1114112K
  class space    used 6718K, committed 7040K, reserved 1048576K
}
Event: 38.879 GC heap after
{Heap after GC invocations=19 (full 0):
 garbage-first heap   total 79872K, used 52769K [0x0000000702200000, 0x0000000800000000)
  region size 2048K, 2 young (4096K), 2 survivors (4096K)
 Metaspace       used 60059K, committed 60736K, reserved 1114112K
  class space    used 6718K, committed 7040K, reserved 1048576K
}
Event: 40.830 GC heap before
{Heap before GC invocations=20 (full 0):
 garbage-first heap   total 92160K, used 67105K [0x0000000702200000, 0x0000000800000000)
  region size 2048K, 9 young (18432K), 2 survivors (4096K)
 Metaspace       used 60226K, committed 60928K, reserved 1114112K
  class space    used 6722K, committed 7104K, reserved 1048576K
}
Event: 40.844 GC heap after
{Heap after GC invocations=21 (full 0):
 garbage-first heap   total 92160K, used 54120K [0x0000000702200000, 0x0000000800000000)
  region size 2048K, 2 young (4096K), 2 survivors (4096K)
 Metaspace       used 60226K, committed 60928K, reserved 1114112K
  class space    used 6722K, committed 7104K, reserved 1048576K
}
Event: 42.783 GC heap before
{Heap before GC invocations=21 (full 0):
 garbage-first heap   total 92160K, used 78696K [0x0000000702200000, 0x0000000800000000)
  region size 2048K, 14 young (28672K), 2 survivors (4096K)
 Metaspace       used 60540K, committed 61248K, reserved 1114112K
  class space    used 6745K, committed 7104K, reserved 1048576K
}
Event: 42.803 GC heap after
{Heap after GC invocations=22 (full 0):
 garbage-first heap   total 92160K, used 55749K [0x0000000702200000, 0x0000000800000000)
  region size 2048K, 2 young (4096K), 2 survivors (4096K)
 Metaspace       used 60540K, committed 61248K, reserved 1114112K
  class space    used 6745K, committed 7104K, reserved 1048576K
}
Event: 44.355 GC heap before
{Heap before GC invocations=22 (full 0):
 garbage-first heap   total 92160K, used 80325K [0x0000000702200000, 0x0000000800000000)
  region size 2048K, 14 young (28672K), 2 survivors (4096K)
 Metaspace       used 60854K, committed 61568K, reserved 1114112K
  class space    used 6755K, committed 7104K, reserved 1048576K
}
Event: 44.373 GC heap after
{Heap after GC invocations=23 (full 0):
 garbage-first heap   total 92160K, used 57484K [0x0000000702200000, 0x0000000800000000)
  region size 2048K, 2 young (4096K), 2 survivors (4096K)
 Metaspace       used 60854K, committed 61568K, reserved 1114112K
  class space    used 6755K, committed 7104K, reserved 1048576K
}
Event: 46.573 GC heap before
{Heap before GC invocations=24 (full 0):
 garbage-first heap   total 100352K, used 80012K [0x0000000702200000, 0x0000000800000000)
  region size 2048K, 13 young (26624K), 2 survivors (4096K)
 Metaspace       used 60928K, committed 61632K, reserved 1114112K
  class space    used 6756K, committed 7104K, reserved 1048576K
}
Event: 46.590 GC heap after
{Heap after GC invocations=25 (full 0):
 garbage-first heap   total 100352K, used 59260K [0x0000000702200000, 0x0000000800000000)
  region size 2048K, 2 young (4096K), 2 survivors (4096K)
 Metaspace       used 60928K, committed 61632K, reserved 1114112K
  class space    used 6756K, committed 7104K, reserved 1048576K
}

