# JRE version: OpenJDK Runtime Environment (21.0.7) (build 21.0.7+-13880790-b1038.58)
# Java VM: OpenJDK 64-Bit Server VM (21.0.7+-13880790-b1038.58, mixed mode, tiered, compressed oops, compressed class ptrs, g1 gc, windows-amd64)
GC Precious Log:
 CardTable entry size: 512
 Card Set container configuration: InlinePtr #cards 4 size 8 Array Of Cards #cards 16 size 48 Howl #buckets 8 coarsen threshold 3686 Howl Bitmap #cards 512 size 80 coarsen threshold 460 Card regions per heap region 1 cards per card region 4096
 CPUs: 8 total, 8 available
 Memory: 16244M
 Large Page Support: Disabled
 NUMA Support: Disabled
 Compressed Oops: Enabled (Zero based)
 Heap Region Size: 2M
 Heap Min Capacity: 8M
 Heap Initial Capacity: 254M
 Heap Max Capacity: 4062M
 Pre-touch: Disabled
 Parallel Workers: 8
 Concurrent Workers: 2
 Concurrent Refinement Workers: 8
 Periodic GC: Disabled
Heap:
 garbage-first heap   total 116736K, used 84252K [0x0000000702200000, 0x0000000800000000)
  region size 2048K, 10 young (20480K), 1 survivors (2048K)
 Metaspace       used 64540K, committed 65280K, reserved 1114112K
  class space    used 7559K, committed 7936K, reserved 1048576K
GC Heap History (20 events):
Event: 30.881 GC heap before
{Heap before GC invocations=26 (full 0):
 garbage-first heap   total 69632K, used 48435K [0x0000000702200000, 0x0000000800000000)
  region size 2048K, 6 young (12288K), 1 survivors (2048K)
 Metaspace       used 54733K, committed 55424K, reserved 1114112K
  class space    used 6587K, committed 6912K, reserved 1048576K
}
Event: 30.888 GC heap after
{Heap after GC invocations=27 (full 0):
 garbage-first heap   total 69632K, used 39375K [0x0000000702200000, 0x0000000800000000)
  region size 2048K, 1 young (2048K), 1 survivors (2048K)
 Metaspace       used 54733K, committed 55424K, reserved 1114112K
  class space    used 6587K, committed 6912K, reserved 1048576K
}
Event: 32.447 GC heap before
{Heap before GC invocations=27 (full 0):
 garbage-first heap   total 69632K, used 57807K [0x0000000702200000, 0x0000000800000000)
  region size 2048K, 10 young (20480K), 1 survivors (2048K)
 Metaspace       used 56840K, committed 57536K, reserved 1114112K
  class space    used 6886K, committed 7232K, reserved 1048576K
}
Event: 32.466 GC heap after
{Heap after GC invocations=28 (full 0):
 garbage-first heap   total 69632K, used 42507K [0x0000000702200000, 0x0000000800000000)
  region size 2048K, 2 young (4096K), 2 survivors (4096K)
 Metaspace       used 56840K, committed 57536K, reserved 1114112K
  class space    used 6886K, committed 7232K, reserved 1048576K
}
Event: 33.792 GC heap before
{Heap before GC invocations=28 (full 0):
 garbage-first heap   total 69632K, used 58891K [0x0000000702200000, 0x0000000800000000)
  region size 2048K, 10 young (20480K), 2 survivors (4096K)
 Metaspace       used 58139K, committed 58880K, reserved 1114112K
  class space    used 6987K, committed 7360K, reserved 1048576K
}
Event: 33.814 GC heap after
{Heap after GC invocations=29 (full 0):
 garbage-first heap   total 69632K, used 46255K [0x0000000702200000, 0x0000000800000000)
  region size 2048K, 2 young (4096K), 2 survivors (4096K)
 Metaspace       used 58139K, committed 58880K, reserved 1114112K
  class space    used 6987K, committed 7360K, reserved 1048576K
}
Event: 34.507 GC heap before
{Heap before GC invocations=30 (full 0):
 garbage-first heap   total 79872K, used 58543K [0x0000000702200000, 0x0000000800000000)
  region size 2048K, 8 young (16384K), 2 survivors (4096K)
 Metaspace       used 58428K, committed 59136K, reserved 1114112K
  class space    used 7013K, committed 7360K, reserved 1048576K
}
Event: 34.526 GC heap after
{Heap after GC invocations=31 (full 0):
 garbage-first heap   total 79872K, used 49498K [0x0000000702200000, 0x0000000800000000)
  region size 2048K, 1 young (2048K), 1 survivors (2048K)
 Metaspace       used 58428K, committed 59136K, reserved 1114112K
  class space    used 7013K, committed 7360K, reserved 1048576K
}
Event: 35.409 GC heap before
{Heap before GC invocations=31 (full 0):
 garbage-first heap   total 79872K, used 63834K [0x0000000702200000, 0x0000000800000000)
  region size 2048K, 9 young (18432K), 1 survivors (2048K)
 Metaspace       used 59404K, committed 60096K, reserved 1114112K
  class space    used 7066K, committed 7424K, reserved 1048576K
}
Event: 35.430 GC heap after
{Heap after GC invocations=32 (full 0):
 garbage-first heap   total 96256K, used 52778K [0x0000000702200000, 0x0000000800000000)
  region size 2048K, 2 young (4096K), 2 survivors (4096K)
 Metaspace       used 59404K, committed 60096K, reserved 1114112K
  class space    used 7066K, committed 7424K, reserved 1048576K
}
Event: 36.510 GC heap before
{Heap before GC invocations=32 (full 0):
 garbage-first heap   total 96256K, used 79402K [0x0000000702200000, 0x0000000800000000)
  region size 2048K, 15 young (30720K), 2 survivors (4096K)
 Metaspace       used 59700K, committed 60416K, reserved 1114112K
  class space    used 7079K, committed 7424K, reserved 1048576K
}
Event: 36.536 GC heap after
{Heap after GC invocations=33 (full 0):
 garbage-first heap   total 96256K, used 58271K [0x0000000702200000, 0x0000000800000000)
  region size 2048K, 2 young (4096K), 2 survivors (4096K)
 Metaspace       used 59700K, committed 60416K, reserved 1114112K
  class space    used 7079K, committed 7424K, reserved 1048576K
}
Event: 37.387 GC heap before
{Heap before GC invocations=34 (full 0):
 garbage-first heap   total 100352K, used 80799K [0x0000000702200000, 0x0000000800000000)
  region size 2048K, 13 young (26624K), 2 survivors (4096K)
 Metaspace       used 60102K, committed 60800K, reserved 1114112K
  class space    used 7133K, committed 7488K, reserved 1048576K
}
Event: 37.411 GC heap after
{Heap after GC invocations=35 (full 0):
 garbage-first heap   total 100352K, used 62768K [0x0000000702200000, 0x0000000800000000)
  region size 2048K, 2 young (4096K), 2 survivors (4096K)
 Metaspace       used 60102K, committed 60800K, reserved 1114112K
  class space    used 7133K, committed 7488K, reserved 1048576K
}
Event: 38.098 GC heap before
{Heap before GC invocations=35 (full 0):
 garbage-first heap   total 100352K, used 85296K [0x0000000702200000, 0x0000000800000000)
  region size 2048K, 13 young (26624K), 2 survivors (4096K)
 Metaspace       used 60482K, committed 61184K, reserved 1114112K
  class space    used 7178K, committed 7552K, reserved 1048576K
}
Event: 38.120 GC heap after
{Heap after GC invocations=36 (full 0):
 garbage-first heap   total 100352K, used 65528K [0x0000000702200000, 0x0000000800000000)
  region size 2048K, 2 young (4096K), 2 survivors (4096K)
 Metaspace       used 60482K, committed 61184K, reserved 1114112K
  class space    used 7178K, committed 7552K, reserved 1048576K
}
Event: 38.216 GC heap before
{Heap before GC invocations=36 (full 0):
 garbage-first heap   total 100352K, used 86008K [0x0000000702200000, 0x0000000800000000)
  region size 2048K, 12 young (24576K), 2 survivors (4096K)
 Metaspace       used 60499K, committed 61184K, reserved 1114112K
  class space    used 7178K, committed 7552K, reserved 1048576K
}
Event: 38.223 GC heap after
{Heap after GC invocations=37 (full 0):
 garbage-first heap   total 100352K, used 66598K [0x0000000702200000, 0x0000000800000000)
  region size 2048K, 1 young (2048K), 1 survivors (2048K)
 Metaspace       used 60499K, committed 61184K, reserved 1114112K
  class space    used 7178K, committed 7552K, reserved 1048576K
}
Event: 39.573 GC heap before
{Heap before GC invocations=38 (full 0):
 garbage-first heap   total 116736K, used 89126K [0x0000000702200000, 0x0000000800000000)
  region size 2048K, 11 young (22528K), 1 survivors (2048K)
 Metaspace       used 63150K, committed 63872K, reserved 1114112K
  class space    used 7463K, committed 7808K, reserved 1048576K
}
Event: 39.581 GC heap after
{Heap after GC invocations=39 (full 0):
 garbage-first heap   total 116736K, used 69916K [0x0000000702200000, 0x0000000800000000)
  region size 2048K, 1 young (2048K), 1 survivors (2048K)
 Metaspace       used 63150K, committed 63872K, reserved 1114112K
  class space    used 7463K, committed 7808K, reserved 1048576K
}

