# JRE version: OpenJDK Runtime Environment (21.0.7) (build 21.0.7+-13880790-b1038.58)
# Java VM: OpenJDK 64-Bit Server VM (21.0.7+-13880790-b1038.58, mixed mode, tiered, compressed oops, compressed class ptrs, g1 gc, windows-amd64)
GC Precious Log:
 CardTable entry size: 512
 Card Set container configuration: InlinePtr #cards 4 size 8 Array Of Cards #cards 16 size 48 Howl #buckets 8 coarsen threshold 3686 Howl Bitmap #cards 512 size 80 coarsen threshold 460 Card regions per heap region 1 cards per card region 4096
 CPUs: 8 total, 8 available
 Memory: 16244M
 Large Page Support: Disabled
 NUMA Support: Disabled
 Compressed Oops: Enabled (Zero based)
 Heap Region Size: 2M
 Heap Min Capacity: 8M
 Heap Initial Capacity: 254M
 Heap Max Capacity: 4062M
 Pre-touch: Disabled
 Parallel Workers: 8
 Concurrent Workers: 2
 Concurrent Refinement Workers: 8
 Periodic GC: Disabled
Heap:
 garbage-first heap   total 69632K, used 43544K [0x0000000702200000, 0x0000000800000000)
  region size 2048K, 5 young (10240K), 2 survivors (4096K)
 Metaspace       used 64071K, committed 64768K, reserved 1114112K
  class space    used 7180K, committed 7552K, reserved 1048576K
GC Heap History (20 events):
Event: 26.957 GC heap before
{Heap before GC invocations=23 (full 0):
 garbage-first heap   total 49152K, used 35826K [0x0000000702200000, 0x0000000800000000)
  region size 2048K, 6 young (12288K), 1 survivors (2048K)
 Metaspace       used 50257K, committed 50944K, reserved 1114112K
  class space    used 5979K, committed 6336K, reserved 1048576K
}
Event: 26.965 GC heap after
{Heap after GC invocations=24 (full 0):
 garbage-first heap   total 49152K, used 28812K [0x0000000702200000, 0x0000000800000000)
  region size 2048K, 1 young (2048K), 1 survivors (2048K)
 Metaspace       used 50257K, committed 50944K, reserved 1114112K
  class space    used 5979K, committed 6336K, reserved 1048576K
}
Event: 29.403 GC heap before
{Heap before GC invocations=24 (full 0):
 garbage-first heap   total 49152K, used 39052K [0x0000000702200000, 0x0000000800000000)
  region size 2048K, 7 young (14336K), 1 survivors (2048K)
 Metaspace       used 52688K, committed 53376K, reserved 1114112K
  class space    used 6273K, committed 6592K, reserved 1048576K
}
Event: 29.423 GC heap after
{Heap after GC invocations=25 (full 0):
 garbage-first heap   total 49152K, used 30087K [0x0000000702200000, 0x0000000800000000)
  region size 2048K, 1 young (2048K), 1 survivors (2048K)
 Metaspace       used 52688K, committed 53376K, reserved 1114112K
  class space    used 6273K, committed 6592K, reserved 1048576K
}
Event: 30.453 GC heap before
{Heap before GC invocations=25 (full 0):
 garbage-first heap   total 49152K, used 42375K [0x0000000702200000, 0x0000000800000000)
  region size 2048K, 7 young (14336K), 1 survivors (2048K)
 Metaspace       used 53884K, committed 54592K, reserved 1114112K
  class space    used 6396K, committed 6720K, reserved 1048576K
}
Event: 30.462 GC heap after
{Heap after GC invocations=26 (full 0):
 garbage-first heap   total 49152K, used 31703K [0x0000000702200000, 0x0000000800000000)
  region size 2048K, 1 young (2048K), 1 survivors (2048K)
 Metaspace       used 53884K, committed 54592K, reserved 1114112K
  class space    used 6396K, committed 6720K, reserved 1048576K
}
Event: 31.171 GC heap before
{Heap before GC invocations=27 (full 0):
 garbage-first heap   total 55296K, used 39895K [0x0000000702200000, 0x0000000800000000)
  region size 2048K, 6 young (12288K), 1 survivors (2048K)
 Metaspace       used 54435K, committed 55104K, reserved 1114112K
  class space    used 6423K, committed 6784K, reserved 1048576K
}
Event: 31.181 GC heap after
{Heap after GC invocations=28 (full 0):
 garbage-first heap   total 55296K, used 34007K [0x0000000702200000, 0x0000000800000000)
  region size 2048K, 1 young (2048K), 1 survivors (2048K)
 Metaspace       used 54435K, committed 55104K, reserved 1114112K
  class space    used 6423K, committed 6784K, reserved 1048576K
}
Event: 31.927 GC heap before
{Heap before GC invocations=28 (full 0):
 garbage-first heap   total 55296K, used 46295K [0x0000000702200000, 0x0000000800000000)
  region size 2048K, 7 young (14336K), 1 survivors (2048K)
 Metaspace       used 55154K, committed 55872K, reserved 1114112K
  class space    used 6443K, committed 6784K, reserved 1048576K
}
Event: 31.936 GC heap after
{Heap after GC invocations=29 (full 0):
 garbage-first heap   total 55296K, used 34786K [0x0000000702200000, 0x0000000800000000)
  region size 2048K, 1 young (2048K), 1 survivors (2048K)
 Metaspace       used 55154K, committed 55872K, reserved 1114112K
  class space    used 6443K, committed 6784K, reserved 1048576K
}
Event: 33.568 GC heap before
{Heap before GC invocations=29 (full 0):
 garbage-first heap   total 55296K, used 47074K [0x0000000702200000, 0x0000000800000000)
  region size 2048K, 7 young (14336K), 1 survivors (2048K)
 Metaspace       used 56526K, committed 57280K, reserved 1114112K
  class space    used 6497K, committed 6848K, reserved 1048576K
}
Event: 33.577 GC heap after
{Heap after GC invocations=30 (full 0):
 garbage-first heap   total 55296K, used 35803K [0x0000000702200000, 0x0000000800000000)
  region size 2048K, 1 young (2048K), 1 survivors (2048K)
 Metaspace       used 56526K, committed 57280K, reserved 1114112K
  class space    used 6497K, committed 6848K, reserved 1048576K
}
Event: 35.201 GC heap before
{Heap before GC invocations=31 (full 0):
 garbage-first heap   total 61440K, used 48091K [0x0000000702200000, 0x0000000800000000)
  region size 2048K, 7 young (14336K), 1 survivors (2048K)
 Metaspace       used 57259K, committed 57984K, reserved 1114112K
  class space    used 6528K, committed 6912K, reserved 1048576K
}
Event: 35.210 GC heap after
{Heap after GC invocations=32 (full 0):
 garbage-first heap   total 61440K, used 36864K [0x0000000702200000, 0x0000000800000000)
  region size 2048K, 1 young (2048K), 1 survivors (2048K)
 Metaspace       used 57259K, committed 57984K, reserved 1114112K
  class space    used 6528K, committed 6912K, reserved 1048576K
}
Event: 37.777 GC heap before
{Heap before GC invocations=32 (full 0):
 garbage-first heap   total 61440K, used 53248K [0x0000000702200000, 0x0000000800000000)
  region size 2048K, 9 young (18432K), 1 survivors (2048K)
 Metaspace       used 57845K, committed 58560K, reserved 1114112K
  class space    used 6545K, committed 6912K, reserved 1048576K
}
Event: 37.794 GC heap after
{Heap after GC invocations=33 (full 0):
 garbage-first heap   total 61440K, used 37928K [0x0000000702200000, 0x0000000800000000)
  region size 2048K, 2 young (4096K), 2 survivors (4096K)
 Metaspace       used 57845K, committed 58560K, reserved 1114112K
  class space    used 6545K, committed 6912K, reserved 1048576K
}
Event: 38.694 GC heap before
{Heap before GC invocations=33 (full 0):
 garbage-first heap   total 61440K, used 50216K [0x0000000702200000, 0x0000000800000000)
  region size 2048K, 9 young (18432K), 2 survivors (4096K)
 Metaspace       used 59495K, committed 60224K, reserved 1114112K
  class space    used 6723K, committed 7104K, reserved 1048576K
}
Event: 38.708 GC heap after
{Heap after GC invocations=34 (full 0):
 garbage-first heap   total 61440K, used 38610K [0x0000000702200000, 0x0000000800000000)
  region size 2048K, 1 young (2048K), 1 survivors (2048K)
 Metaspace       used 59495K, committed 60224K, reserved 1114112K
  class space    used 6723K, committed 7104K, reserved 1048576K
}
Event: 40.786 GC heap before
{Heap before GC invocations=34 (full 0):
 garbage-first heap   total 61440K, used 54994K [0x0000000702200000, 0x0000000800000000)
  region size 2048K, 9 young (18432K), 1 survivors (2048K)
 Metaspace       used 63525K, committed 64256K, reserved 1114112K
  class space    used 7125K, committed 7488K, reserved 1048576K
}
Event: 40.795 GC heap after
{Heap after GC invocations=35 (full 0):
 garbage-first heap   total 61440K, used 39448K [0x0000000702200000, 0x0000000800000000)
  region size 2048K, 2 young (4096K), 2 survivors (4096K)
 Metaspace       used 63525K, committed 64256K, reserved 1114112K
  class space    used 7125K, committed 7488K, reserved 1048576K
}

