# JRE version: OpenJDK Runtime Environment (21.0.7) (build 21.0.7+-13880790-b1038.58)
# Java VM: OpenJDK 64-Bit Server VM (21.0.7+-13880790-b1038.58, mixed mode, tiered, compressed oops, compressed class ptrs, g1 gc, windows-amd64)
GC Precious Log:
 CardTable entry size: 512
 Card Set container configuration: InlinePtr #cards 4 size 8 Array Of Cards #cards 16 size 48 Howl #buckets 8 coarsen threshold 3686 Howl Bitmap #cards 512 size 80 coarsen threshold 460 Card regions per heap region 1 cards per card region 4096
 CPUs: 8 total, 8 available
 Memory: 16244M
 Large Page Support: Disabled
 NUMA Support: Disabled
 Compressed Oops: Enabled (Zero based)
 Heap Region Size: 2M
 Heap Min Capacity: 8M
 Heap Initial Capacity: 254M
 Heap Max Capacity: 4062M
 Pre-touch: Disabled
 Parallel Workers: 8
 Concurrent Workers: 2
 Concurrent Refinement Workers: 8
 Periodic GC: Disabled
Heap:
 garbage-first heap   total 112640K, used 72612K [0x0000000702200000, 0x0000000800000000)
  region size 2048K, 6 young (12288K), 2 survivors (4096K)
 Metaspace       used 61860K, committed 62528K, reserved 1114112K
  class space    used 6783K, committed 7104K, reserved 1048576K
GC Heap History (20 events):
Event: 43.997 GC heap before
{Heap before GC invocations=18 (full 0):
 garbage-first heap   total 79872K, used 71290K [0x0000000702200000, 0x0000000800000000)
  region size 2048K, 11 young (22528K), 1 survivors (2048K)
 Metaspace       used 60065K, committed 60736K, reserved 1114112K
  class space    used 6715K, committed 7040K, reserved 1048576K
}
Event: 44.009 GC heap after
{Heap after GC invocations=19 (full 0):
 garbage-first heap   total 79872K, used 51841K [0x0000000702200000, 0x0000000800000000)
  region size 2048K, 2 young (4096K), 2 survivors (4096K)
 Metaspace       used 60065K, committed 60736K, reserved 1114112K
  class space    used 6715K, committed 7040K, reserved 1048576K
}
Event: 47.654 GC heap before
{Heap before GC invocations=20 (full 0):
 garbage-first heap   total 90112K, used 68225K [0x0000000702200000, 0x0000000800000000)
  region size 2048K, 10 young (20480K), 2 survivors (4096K)
 Metaspace       used 60216K, committed 60928K, reserved 1114112K
  class space    used 6717K, committed 7040K, reserved 1048576K
}
Event: 47.669 GC heap after
{Heap after GC invocations=21 (full 0):
 garbage-first heap   total 90112K, used 53411K [0x0000000702200000, 0x0000000800000000)
  region size 2048K, 2 young (4096K), 2 survivors (4096K)
 Metaspace       used 60216K, committed 60928K, reserved 1114112K
  class space    used 6717K, committed 7040K, reserved 1048576K
}
Event: 52.110 GC heap before
{Heap before GC invocations=21 (full 0):
 garbage-first heap   total 90112K, used 77987K [0x0000000702200000, 0x0000000800000000)
  region size 2048K, 14 young (28672K), 2 survivors (4096K)
 Metaspace       used 60539K, committed 61248K, reserved 1114112K
  class space    used 6739K, committed 7104K, reserved 1048576K
}
Event: 52.142 GC heap after
{Heap after GC invocations=22 (full 0):
 garbage-first heap   total 90112K, used 54866K [0x0000000702200000, 0x0000000800000000)
  region size 2048K, 2 young (4096K), 2 survivors (4096K)
 Metaspace       used 60539K, committed 61248K, reserved 1114112K
  class space    used 6739K, committed 7104K, reserved 1048576K
}
Event: 56.881 GC heap before
{Heap before GC invocations=22 (full 0):
 garbage-first heap   total 90112K, used 75346K [0x0000000702200000, 0x0000000800000000)
  region size 2048K, 13 young (26624K), 2 survivors (4096K)
 Metaspace       used 60794K, committed 61504K, reserved 1114112K
  class space    used 6749K, committed 7104K, reserved 1048576K
}
Event: 56.897 GC heap after
{Heap after GC invocations=23 (full 0):
 garbage-first heap   total 90112K, used 56553K [0x0000000702200000, 0x0000000800000000)
  region size 2048K, 2 young (4096K), 2 survivors (4096K)
 Metaspace       used 60794K, committed 61504K, reserved 1114112K
  class space    used 6749K, committed 7104K, reserved 1048576K
}
Event: 60.091 GC heap before
{Heap before GC invocations=24 (full 0):
 garbage-first heap   total 96256K, used 79081K [0x0000000702200000, 0x0000000800000000)
  region size 2048K, 13 young (26624K), 2 survivors (4096K)
 Metaspace       used 60874K, committed 61568K, reserved 1114112K
  class space    used 6749K, committed 7104K, reserved 1048576K
}
Event: 60.108 GC heap after
{Heap after GC invocations=25 (full 0):
 garbage-first heap   total 96256K, used 58339K [0x0000000702200000, 0x0000000800000000)
  region size 2048K, 2 young (4096K), 2 survivors (4096K)
 Metaspace       used 60874K, committed 61568K, reserved 1114112K
  class space    used 6749K, committed 7104K, reserved 1048576K
}
Event: 62.330 GC heap before
{Heap before GC invocations=25 (full 0):
 garbage-first heap   total 96256K, used 84963K [0x0000000702200000, 0x0000000800000000)
  region size 2048K, 15 young (30720K), 2 survivors (4096K)
 Metaspace       used 61056K, committed 61760K, reserved 1114112K
  class space    used 6758K, committed 7104K, reserved 1048576K
}
Event: 62.360 GC heap after
{Heap after GC invocations=26 (full 0):
 garbage-first heap   total 96256K, used 59715K [0x0000000702200000, 0x0000000800000000)
  region size 2048K, 2 young (4096K), 2 survivors (4096K)
 Metaspace       used 61056K, committed 61760K, reserved 1114112K
  class space    used 6758K, committed 7104K, reserved 1048576K
}
Event: 63.727 GC heap before
{Heap before GC invocations=26 (full 0):
 garbage-first heap   total 96256K, used 84291K [0x0000000702200000, 0x0000000800000000)
  region size 2048K, 14 young (28672K), 2 survivors (4096K)
 Metaspace       used 61147K, committed 61824K, reserved 1114112K
  class space    used 6758K, committed 7104K, reserved 1048576K
}
Event: 63.743 GC heap after
{Heap after GC invocations=27 (full 0):
 garbage-first heap   total 96256K, used 61102K [0x0000000702200000, 0x0000000800000000)
  region size 2048K, 2 young (4096K), 2 survivors (4096K)
 Metaspace       used 61147K, committed 61824K, reserved 1114112K
  class space    used 6758K, committed 7104K, reserved 1048576K
}
Event: 66.350 GC heap before
{Heap before GC invocations=28 (full 0):
 garbage-first heap   total 106496K, used 81582K [0x0000000702200000, 0x0000000800000000)
  region size 2048K, 12 young (24576K), 2 survivors (4096K)
 Metaspace       used 61255K, committed 61952K, reserved 1114112K
  class space    used 6761K, committed 7104K, reserved 1048576K
}
Event: 66.367 GC heap after
{Heap after GC invocations=29 (full 0):
 garbage-first heap   total 106496K, used 62295K [0x0000000702200000, 0x0000000800000000)
  region size 2048K, 2 young (4096K), 2 survivors (4096K)
 Metaspace       used 61255K, committed 61952K, reserved 1114112K
  class space    used 6761K, committed 7104K, reserved 1048576K
}
Event: 69.883 GC heap before
{Heap before GC invocations=29 (full 0):
 garbage-first heap   total 106496K, used 93015K [0x0000000702200000, 0x0000000800000000)
  region size 2048K, 17 young (34816K), 2 survivors (4096K)
 Metaspace       used 61561K, committed 62272K, reserved 1114112K
  class space    used 6762K, committed 7104K, reserved 1048576K
}
Event: 69.910 GC heap after
{Heap after GC invocations=30 (full 0):
 garbage-first heap   total 106496K, used 64538K [0x0000000702200000, 0x0000000800000000)
  region size 2048K, 3 young (6144K), 3 survivors (6144K)
 Metaspace       used 61561K, committed 62272K, reserved 1114112K
  class space    used 6762K, committed 7104K, reserved 1048576K
}
Event: 75.265 GC heap before
{Heap before GC invocations=30 (full 0):
 garbage-first heap   total 106496K, used 91162K [0x0000000702200000, 0x0000000800000000)
  region size 2048K, 16 young (32768K), 3 survivors (6144K)
 Metaspace       used 61827K, committed 62464K, reserved 1114112K
  class space    used 6783K, committed 7104K, reserved 1048576K
}
Event: 75.291 GC heap after
{Heap after GC invocations=31 (full 0):
 garbage-first heap   total 106496K, used 66468K [0x0000000702200000, 0x0000000800000000)
  region size 2048K, 2 young (4096K), 2 survivors (4096K)
 Metaspace       used 61827K, committed 62464K, reserved 1114112K
  class space    used 6783K, committed 7104K, reserved 1048576K
}

